# JRE version: OpenJDK Runtime Environment Temurin-17.0.11+9 (17.0.11+9) (build 17.0.11+9)
# Java VM: OpenJDK 64-Bit Server VM Temurin-17.0.11+9 (17.0.11+9, mixed mode, tiered, compressed oops, compressed class ptrs, parallel gc, windows-amd64)
GC Precious Log:
 CPUs: 12 total, 12 available
 Memory: 32625M
 Large Page Support: Disabled
 NUMA Support: Disabled
 Compressed Oops: Enabled (32-bit)
 Alignments: Space 512K, Generation 512K, Heap 2M
 Heap Min Capacity: 100M
 Heap Initial Capacity: 100M
 Heap Max Capacity: 1G
 Pre-touch: Disabled
 Parallel Workers: 10
Heap:
 PSYoungGen      total 6144K, used 1512K [0x00000000eab00000, 0x00000000eba80000, 0x0000000100000000)
  eden space 4608K, 0% used [0x00000000eab00000,0x00000000eab00000,0x00000000eaf80000)
  from space 1536K, 98% used [0x00000000eb100000,0x00000000eb27a0f0,0x00000000eb280000)
  to   space 5632K, 0% used [0x00000000eb500000,0x00000000eb500000,0x00000000eba80000)
 ParOldGen       total 125952K, used 125643K [0x00000000c0000000, 0x00000000c7b00000, 0x00000000eab00000)
  object space 125952K, 99% used [0x00000000c0000000,0x00000000c7ab2e20,0x00000000c7b00000)
 Metaspace       used 76937K, committed 78400K, reserved 1179648K
  class space    used 7998K, committed 8640K, reserved 1048576K
GC Heap History (20 events):
Event: 2140.761 GC heap after
{Heap after GC invocations=293 (full 14):
 PSYoungGen      total 5120K, used 2028K [0x00000000eab00000, 0x00000000eb400000, 0x0000000100000000)
  eden space 3072K, 0% used [0x00000000eab00000,0x00000000eab00000,0x00000000eae00000)
  from space 2048K, 99% used [0x00000000eb200000,0x00000000eb3fb3f8,0x00000000eb400000)
  to   space 3072K, 0% used [0x00000000eae00000,0x00000000eae00000,0x00000000eb100000)
 ParOldGen       total 125952K, used 99567K [0x00000000c0000000, 0x00000000c7b00000, 0x00000000eab00000)
  object space 125952K, 79% used [0x00000000c0000000,0x00000000c613bec0,0x00000000c7b00000)
 Metaspace       used 76887K, committed 78336K, reserved 1179648K
  class space    used 7997K, committed 8640K, reserved 1048576K
}
Event: 2140.801 GC heap before
{Heap before GC invocations=294 (full 14):
 PSYoungGen      total 5120K, used 5100K [0x00000000eab00000, 0x00000000eb400000, 0x0000000100000000)
  eden space 3072K, 100% used [0x00000000eab00000,0x00000000eae00000,0x00000000eae00000)
  from space 2048K, 99% used [0x00000000eb200000,0x00000000eb3fb3f8,0x00000000eb400000)
  to   space 3072K, 0% used [0x00000000eae00000,0x00000000eae00000,0x00000000eb100000)
 ParOldGen       total 125952K, used 99567K [0x00000000c0000000, 0x00000000c7b00000, 0x00000000eab00000)
  object space 125952K, 79% used [0x00000000c0000000,0x00000000c613bec0,0x00000000c7b00000)
 Metaspace       used 76887K, committed 78336K, reserved 1179648K
  class space    used 7997K, committed 8640K, reserved 1048576K
}
Event: 2140.805 GC heap after
{Heap after GC invocations=294 (full 14):
 PSYoungGen      total 6144K, used 2816K [0x00000000eab00000, 0x00000000eb500000, 0x0000000100000000)
  eden space 3072K, 0% used [0x00000000eab00000,0x00000000eab00000,0x00000000eae00000)
  from space 3072K, 91% used [0x00000000eae00000,0x00000000eb0c0020,0x00000000eb100000)
  to   space 3072K, 0% used [0x00000000eb200000,0x00000000eb200000,0x00000000eb500000)
 ParOldGen       total 125952K, used 101559K [0x00000000c0000000, 0x00000000c7b00000, 0x00000000eab00000)
  object space 125952K, 80% used [0x00000000c0000000,0x00000000c632dec0,0x00000000c7b00000)
 Metaspace       used 76887K, committed 78336K, reserved 1179648K
  class space    used 7997K, committed 8640K, reserved 1048576K
}
Event: 2140.843 GC heap before
{Heap before GC invocations=295 (full 14):
 PSYoungGen      total 6144K, used 5873K [0x00000000eab00000, 0x00000000eb500000, 0x0000000100000000)
  eden space 3072K, 99% used [0x00000000eab00000,0x00000000eadfc6d8,0x00000000eae00000)
  from space 3072K, 91% used [0x00000000eae00000,0x00000000eb0c0020,0x00000000eb100000)
  to   space 3072K, 0% used [0x00000000eb200000,0x00000000eb200000,0x00000000eb500000)
 ParOldGen       total 125952K, used 101559K [0x00000000c0000000, 0x00000000c7b00000, 0x00000000eab00000)
  object space 125952K, 80% used [0x00000000c0000000,0x00000000c632dec0,0x00000000c7b00000)
 Metaspace       used 76890K, committed 78336K, reserved 1179648K
  class space    used 7998K, committed 8640K, reserved 1048576K
}
Event: 2140.845 GC heap after
{Heap after GC invocations=295 (full 14):
 PSYoungGen      total 7168K, used 2698K [0x00000000eab00000, 0x00000000eb500000, 0x0000000100000000)
  eden space 4096K, 0% used [0x00000000eab00000,0x00000000eab00000,0x00000000eaf00000)
  from space 3072K, 87% used [0x00000000eb200000,0x00000000eb4a2b28,0x00000000eb500000)
  to   space 3072K, 0% used [0x00000000eaf00000,0x00000000eaf00000,0x00000000eb200000)
 ParOldGen       total 125952K, used 104135K [0x00000000c0000000, 0x00000000c7b00000, 0x00000000eab00000)
  object space 125952K, 82% used [0x00000000c0000000,0x00000000c65b1f20,0x00000000c7b00000)
 Metaspace       used 76890K, committed 78336K, reserved 1179648K
  class space    used 7998K, committed 8640K, reserved 1048576K
}
Event: 2140.872 GC heap before
{Heap before GC invocations=296 (full 14):
 PSYoungGen      total 7168K, used 6684K [0x00000000eab00000, 0x00000000eb500000, 0x0000000100000000)
  eden space 4096K, 97% used [0x00000000eab00000,0x00000000eaee44e8,0x00000000eaf00000)
  from space 3072K, 87% used [0x00000000eb200000,0x00000000eb4a2b28,0x00000000eb500000)
  to   space 3072K, 0% used [0x00000000eaf00000,0x00000000eaf00000,0x00000000eb200000)
 ParOldGen       total 125952K, used 104135K [0x00000000c0000000, 0x00000000c7b00000, 0x00000000eab00000)
  object space 125952K, 82% used [0x00000000c0000000,0x00000000c65b1f20,0x00000000c7b00000)
 Metaspace       used 76890K, committed 78336K, reserved 1179648K
  class space    used 7998K, committed 8640K, reserved 1048576K
}
Event: 2140.874 GC heap after
{Heap after GC invocations=296 (full 14):
 PSYoungGen      total 7168K, used 3047K [0x00000000eab00000, 0x00000000ebd00000, 0x0000000100000000)
  eden space 4096K, 0% used [0x00000000eab00000,0x00000000eab00000,0x00000000eaf00000)
  from space 3072K, 99% used [0x00000000eaf00000,0x00000000eb1f9e40,0x00000000eb200000)
  to   space 7168K, 0% used [0x00000000eb600000,0x00000000eb600000,0x00000000ebd00000)
 ParOldGen       total 125952K, used 107523K [0x00000000c0000000, 0x00000000c7b00000, 0x00000000eab00000)
  object space 125952K, 85% used [0x00000000c0000000,0x00000000c6900ff0,0x00000000c7b00000)
 Metaspace       used 76890K, committed 78336K, reserved 1179648K
  class space    used 7998K, committed 8640K, reserved 1048576K
}
Event: 2140.888 GC heap before
{Heap before GC invocations=297 (full 14):
 PSYoungGen      total 7168K, used 7143K [0x00000000eab00000, 0x00000000ebd00000, 0x0000000100000000)
  eden space 4096K, 100% used [0x00000000eab00000,0x00000000eaf00000,0x00000000eaf00000)
  from space 3072K, 99% used [0x00000000eaf00000,0x00000000eb1f9e40,0x00000000eb200000)
  to   space 7168K, 0% used [0x00000000eb600000,0x00000000eb600000,0x00000000ebd00000)
 ParOldGen       total 125952K, used 107523K [0x00000000c0000000, 0x00000000c7b00000, 0x00000000eab00000)
  object space 125952K, 85% used [0x00000000c0000000,0x00000000c6900ff0,0x00000000c7b00000)
 Metaspace       used 76892K, committed 78336K, reserved 1179648K
  class space    used 7998K, committed 8640K, reserved 1048576K
}
Event: 2140.892 GC heap after
{Heap after GC invocations=297 (full 14):
 PSYoungGen      total 8192K, used 3887K [0x00000000eab00000, 0x00000000eba00000, 0x0000000100000000)
  eden space 4096K, 0% used [0x00000000eab00000,0x00000000eab00000,0x00000000eaf00000)
  from space 4096K, 94% used [0x00000000eb600000,0x00000000eb9cbea8,0x00000000eba00000)
  to   space 5120K, 0% used [0x00000000eb000000,0x00000000eb000000,0x00000000eb500000)
 ParOldGen       total 125952K, used 110550K [0x00000000c0000000, 0x00000000c7b00000, 0x00000000eab00000)
  object space 125952K, 87% used [0x00000000c0000000,0x00000000c6bf58c0,0x00000000c7b00000)
 Metaspace       used 76892K, committed 78336K, reserved 1179648K
  class space    used 7998K, committed 8640K, reserved 1048576K
}
Event: 2140.901 GC heap before
{Heap before GC invocations=298 (full 14):
 PSYoungGen      total 8192K, used 7983K [0x00000000eab00000, 0x00000000eba00000, 0x0000000100000000)
  eden space 4096K, 100% used [0x00000000eab00000,0x00000000eaf00000,0x00000000eaf00000)
  from space 4096K, 94% used [0x00000000eb600000,0x00000000eb9cbea8,0x00000000eba00000)
  to   space 5120K, 0% used [0x00000000eb000000,0x00000000eb000000,0x00000000eb500000)
 ParOldGen       total 125952K, used 110550K [0x00000000c0000000, 0x00000000c7b00000, 0x00000000eab00000)
  object space 125952K, 87% used [0x00000000c0000000,0x00000000c6bf58c0,0x00000000c7b00000)
 Metaspace       used 76894K, committed 78336K, reserved 1179648K
  class space    used 7998K, committed 8640K, reserved 1048576K
}
Event: 2140.912 GC heap after
{Heap after GC invocations=298 (full 14):
 PSYoungGen      total 8192K, used 2976K [0x00000000eab00000, 0x00000000eb700000, 0x0000000100000000)
  eden space 5120K, 0% used [0x00000000eab00000,0x00000000eab00000,0x00000000eb000000)
  from space 3072K, 96% used [0x00000000eb000000,0x00000000eb2e8000,0x00000000eb300000)
  to   space 3584K, 0% used [0x00000000eb380000,0x00000000eb380000,0x00000000eb700000)
 ParOldGen       total 125952K, used 114402K [0x00000000c0000000, 0x00000000c7b00000, 0x00000000eab00000)
  object space 125952K, 90% used [0x00000000c0000000,0x00000000c6fb8a18,0x00000000c7b00000)
 Metaspace       used 76894K, committed 78336K, reserved 1179648K
  class space    used 7998K, committed 8640K, reserved 1048576K
}
Event: 2140.934 GC heap before
{Heap before GC invocations=299 (full 14):
 PSYoungGen      total 8192K, used 8060K [0x00000000eab00000, 0x00000000eb700000, 0x0000000100000000)
  eden space 5120K, 99% used [0x00000000eab00000,0x00000000eaff7198,0x00000000eb000000)
  from space 3072K, 96% used [0x00000000eb000000,0x00000000eb2e8000,0x00000000eb300000)
  to   space 3584K, 0% used [0x00000000eb380000,0x00000000eb380000,0x00000000eb700000)
 ParOldGen       total 125952K, used 114402K [0x00000000c0000000, 0x00000000c7b00000, 0x00000000eab00000)
  object space 125952K, 90% used [0x00000000c0000000,0x00000000c6fb8a18,0x00000000c7b00000)
 Metaspace       used 76900K, committed 78336K, reserved 1179648K
  class space    used 7998K, committed 8640K, reserved 1048576K
}
Event: 2140.945 GC heap after
{Heap after GC invocations=299 (full 14):
 PSYoungGen      total 8192K, used 3584K [0x00000000eab00000, 0x00000000eb900000, 0x0000000100000000)
  eden space 4608K, 0% used [0x00000000eab00000,0x00000000eab00000,0x00000000eaf80000)
  from space 3584K, 100% used [0x00000000eb380000,0x00000000eb700000,0x00000000eb700000)
  to   space 4096K, 0% used [0x00000000eaf80000,0x00000000eaf80000,0x00000000eb380000)
 ParOldGen       total 125952K, used 117274K [0x00000000c0000000, 0x00000000c7b00000, 0x00000000eab00000)
  object space 125952K, 93% used [0x00000000c0000000,0x00000000c7286a18,0x00000000c7b00000)
 Metaspace       used 76900K, committed 78336K, reserved 1179648K
  class space    used 7998K, committed 8640K, reserved 1048576K
}
Event: 2141.035 GC heap before
{Heap before GC invocations=300 (full 14):
 PSYoungGen      total 8192K, used 8192K [0x00000000eab00000, 0x00000000eb900000, 0x0000000100000000)
  eden space 4608K, 100% used [0x00000000eab00000,0x00000000eaf80000,0x00000000eaf80000)
  from space 3584K, 100% used [0x00000000eb380000,0x00000000eb700000,0x00000000eb700000)
  to   space 4096K, 0% used [0x00000000eaf80000,0x00000000eaf80000,0x00000000eb380000)
 ParOldGen       total 125952K, used 117274K [0x00000000c0000000, 0x00000000c7b00000, 0x00000000eab00000)
  object space 125952K, 93% used [0x00000000c0000000,0x00000000c7286a18,0x00000000c7b00000)
 Metaspace       used 76905K, committed 78336K, reserved 1179648K
  class space    used 7998K, committed 8640K, reserved 1048576K
}
Event: 2141.040 GC heap after
{Heap after GC invocations=300 (full 14):
 PSYoungGen      total 8704K, used 2048K [0x00000000eab00000, 0x00000000eb680000, 0x0000000100000000)
  eden space 4608K, 0% used [0x00000000eab00000,0x00000000eab00000,0x00000000eaf80000)
  from space 4096K, 50% used [0x00000000eaf80000,0x00000000eb180000,0x00000000eb380000)
  to   space 3072K, 0% used [0x00000000eb380000,0x00000000eb380000,0x00000000eb680000)
 ParOldGen       total 125952K, used 120498K [0x00000000c0000000, 0x00000000c7b00000, 0x00000000eab00000)
  object space 125952K, 95% used [0x00000000c0000000,0x00000000c75aca18,0x00000000c7b00000)
 Metaspace       used 76905K, committed 78336K, reserved 1179648K
  class space    used 7998K, committed 8640K, reserved 1048576K
}
Event: 2811.261 GC heap before
{Heap before GC invocations=301 (full 14):
 PSYoungGen      total 8704K, used 6656K [0x00000000eab00000, 0x00000000eb680000, 0x0000000100000000)
  eden space 4608K, 100% used [0x00000000eab00000,0x00000000eaf80000,0x00000000eaf80000)
  from space 4096K, 50% used [0x00000000eaf80000,0x00000000eb180000,0x00000000eb380000)
  to   space 3072K, 0% used [0x00000000eb380000,0x00000000eb380000,0x00000000eb680000)
 ParOldGen       total 125952K, used 120498K [0x00000000c0000000, 0x00000000c7b00000, 0x00000000eab00000)
  object space 125952K, 95% used [0x00000000c0000000,0x00000000c75aca18,0x00000000c7b00000)
 Metaspace       used 76937K, committed 78400K, reserved 1179648K
  class space    used 7998K, committed 8640K, reserved 1048576K
}
Event: 2811.265 GC heap after
{Heap after GC invocations=301 (full 14):
 PSYoungGen      total 5120K, used 416K [0x00000000eab00000, 0x00000000eb400000, 0x0000000100000000)
  eden space 4608K, 0% used [0x00000000eab00000,0x00000000eab00000,0x00000000eaf80000)
  from space 512K, 81% used [0x00000000eb380000,0x00000000eb3e8000,0x00000000eb400000)
  to   space 1536K, 0% used [0x00000000eb100000,0x00000000eb100000,0x00000000eb280000)
 ParOldGen       total 125952K, used 122434K [0x00000000c0000000, 0x00000000c7b00000, 0x00000000eab00000)
  object space 125952K, 97% used [0x00000000c0000000,0x00000000c7790a18,0x00000000c7b00000)
 Metaspace       used 76937K, committed 78400K, reserved 1179648K
  class space    used 7998K, committed 8640K, reserved 1048576K
}
Event: 2811.280 GC heap before
{Heap before GC invocations=302 (full 14):
 PSYoungGen      total 5120K, used 5024K [0x00000000eab00000, 0x00000000eb400000, 0x0000000100000000)
  eden space 4608K, 100% used [0x00000000eab00000,0x00000000eaf80000,0x00000000eaf80000)
  from space 512K, 81% used [0x00000000eb380000,0x00000000eb3e8000,0x00000000eb400000)
  to   space 1536K, 0% used [0x00000000eb100000,0x00000000eb100000,0x00000000eb280000)
 ParOldGen       total 125952K, used 122434K [0x00000000c0000000, 0x00000000c7b00000, 0x00000000eab00000)
  object space 125952K, 97% used [0x00000000c0000000,0x00000000c7790a18,0x00000000c7b00000)
 Metaspace       used 76937K, committed 78400K, reserved 1179648K
  class space    used 7998K, committed 8640K, reserved 1048576K
}
Event: 2811.283 GC heap after
{Heap after GC invocations=302 (full 14):
 PSYoungGen      total 6144K, used 1512K [0x00000000eab00000, 0x00000000eba80000, 0x0000000100000000)
  eden space 4608K, 0% used [0x00000000eab00000,0x00000000eab00000,0x00000000eaf80000)
  from space 1536K, 98% used [0x00000000eb100000,0x00000000eb27a0f0,0x00000000eb280000)
  to   space 5632K, 0% used [0x00000000eb500000,0x00000000eb500000,0x00000000eba80000)
 ParOldGen       total 125952K, used 125643K [0x00000000c0000000, 0x00000000c7b00000, 0x00000000eab00000)
  object space 125952K, 99% used [0x00000000c0000000,0x00000000c7ab2e20,0x00000000c7b00000)
 Metaspace       used 76937K, committed 78400K, reserved 1179648K
  class space    used 7998K, committed 8640K, reserved 1048576K
}
Event: 2811.283 GC heap before
{Heap before GC invocations=303 (full 15):
 PSYoungGen      total 6144K, used 1512K [0x00000000eab00000, 0x00000000eba80000, 0x0000000100000000)
  eden space 4608K, 0% used [0x00000000eab00000,0x00000000eab00000,0x00000000eaf80000)
  from space 1536K, 98% used [0x00000000eb100000,0x00000000eb27a0f0,0x00000000eb280000)
  to   space 5632K, 0% used [0x00000000eb500000,0x00000000eb500000,0x00000000eba80000)
 ParOldGen       total 125952K, used 125643K [0x00000000c0000000, 0x00000000c7b00000, 0x00000000eab00000)
  object space 125952K, 99% used [0x00000000c0000000,0x00000000c7ab2e20,0x00000000c7b00000)
 Metaspace       used 76937K, committed 78400K, reserved 1179648K
  class space    used 7998K, committed 8640K, reserved 1048576K
}

